2025-03-14 21:09:38,687 - DEBUG - 
def chain(*args, **kwargs):
    return 1

2025-03-14 21:09:38,687 - DEBUG - 
def xstarmap(task, it):
    return 1

2025-03-14 21:09:38,687 - DEBUG - 
def accumulate(self, *args, **kwargs):
    return 1

2025-03-14 21:09:38,687 - DEBUG - 
def chord(self, header, body, partial_args=0, interval=1, countdown=2, max_retries=3, eager=4, **kwargs):
    return 1

2025-03-14 21:09:38,687 - DEBUG - 
def chunks(task, it, n):
    return 1

2025-03-14 21:09:38,688 - DEBUG - 
def unlock_chord(self, group_id, callback, interval=0, max_retries=1, result=2, Result=3, GroupResult=4, result_from_tuple=5, **kwargs):
    return 1

2025-03-14 21:09:38,688 - DEBUG - 
def save_trade(symbol, price, quantity, trade_time):
    return 1

2025-03-14 21:09:38,688 - DEBUG - 
def group(self, tasks, result, group_id, partial_args, add_to_parent=0):
    return 1

2025-03-14 21:09:38,688 - DEBUG - 
def xmap(task, it):
    return 1

2025-03-14 21:09:38,688 - DEBUG - 
def backend_cleanup():
    return 1

2025-03-14 21:09:38,688 - DEBUG - 
def start_binance_ws():
    return 1

2025-03-14 21:25:40,449 - DEBUG - 
def xstarmap(task, it):
    return 1

2025-03-14 21:25:40,449 - DEBUG - 
def accumulate(self, *args, **kwargs):
    return 1

2025-03-14 21:25:40,450 - DEBUG - 
def start_binance_ws():
    return 1

2025-03-14 21:25:40,450 - DEBUG - 
def chord(self, header, body, partial_args=0, interval=1, countdown=2, max_retries=3, eager=4, **kwargs):
    return 1

2025-03-14 21:25:40,450 - DEBUG - 
def save_trade(symbol, price, quantity, trade_time):
    return 1

2025-03-14 21:25:40,450 - DEBUG - 
def chunks(task, it, n):
    return 1

2025-03-14 21:25:40,450 - DEBUG - 
def unlock_chord(self, group_id, callback, interval=0, max_retries=1, result=2, Result=3, GroupResult=4, result_from_tuple=5, **kwargs):
    return 1

2025-03-14 21:25:40,450 - DEBUG - 
def group(self, tasks, result, group_id, partial_args, add_to_parent=0):
    return 1

2025-03-14 21:25:40,450 - DEBUG - 
def xmap(task, it):
    return 1

2025-03-14 21:25:40,450 - DEBUG - 
def backend_cleanup():
    return 1

2025-03-14 21:25:40,450 - DEBUG - 
def chain(*args, **kwargs):
    return 1

2025-03-14 21:26:47,984 - DEBUG - 
def unlock_chord(self, group_id, callback, interval=0, max_retries=1, result=2, Result=3, GroupResult=4, result_from_tuple=5, **kwargs):
    return 1

2025-03-14 21:26:47,984 - DEBUG - 
def group(self, tasks, result, group_id, partial_args, add_to_parent=0):
    return 1

2025-03-14 21:26:47,985 - DEBUG - 
def xmap(task, it):
    return 1

2025-03-14 21:26:47,985 - DEBUG - 
def backend_cleanup():
    return 1

2025-03-14 21:26:47,985 - DEBUG - 
def chain(*args, **kwargs):
    return 1

2025-03-14 21:26:47,985 - DEBUG - 
def save_trade(symbol, price, quantity, trade_time):
    return 1

2025-03-14 21:26:47,985 - DEBUG - 
def xstarmap(task, it):
    return 1

2025-03-14 21:26:47,985 - DEBUG - 
def accumulate(self, *args, **kwargs):
    return 1

2025-03-14 21:26:47,986 - DEBUG - 
def start_binance_ws():
    return 1

2025-03-14 21:26:47,986 - DEBUG - 
def chord(self, header, body, partial_args=0, interval=1, countdown=2, max_retries=3, eager=4, **kwargs):
    return 1

2025-03-14 21:26:47,986 - DEBUG - 
def chunks(task, it, n):
    return 1

2025-03-14 21:31:54,712 - INFO - HTTP/2 support not enabled (install the http2 and tls Twisted extras)
2025-03-14 21:31:54,712 - INFO - Configuring endpoint tcp:port=8000:interface=127.0.0.1
2025-03-14 21:31:54,712 - INFO - Listening on TCP address 127.0.0.1:8000
2025-03-14 21:33:42,334 - INFO - /Users/nikitaminenkov/PycharmProjects/crypto_project/crypto_app/views.py changed, reloading.
2025-03-14 23:08:08,770 - DEBUG - 
def xstarmap(task, it):
    return 1

2025-03-14 23:08:08,771 - DEBUG - 
def accumulate(self, *args, **kwargs):
    return 1

2025-03-14 23:08:08,771 - DEBUG - 
def start_binance_ws():
    return 1

2025-03-14 23:08:08,771 - DEBUG - 
def chord(self, header, body, partial_args=0, interval=1, countdown=2, max_retries=3, eager=4, **kwargs):
    return 1

2025-03-14 23:08:08,771 - DEBUG - 
def chunks(task, it, n):
    return 1

2025-03-14 23:08:08,772 - DEBUG - 
def unlock_chord(self, group_id, callback, interval=0, max_retries=1, result=2, Result=3, GroupResult=4, result_from_tuple=5, **kwargs):
    return 1

2025-03-14 23:08:08,772 - DEBUG - 
def group(self, tasks, result, group_id, partial_args, add_to_parent=0):
    return 1

2025-03-14 23:08:08,772 - DEBUG - 
def xmap(task, it):
    return 1

2025-03-14 23:08:08,772 - DEBUG - 
def backend_cleanup():
    return 1

2025-03-14 23:08:08,772 - DEBUG - 
def save_trade(symbol, price, quantity, trade_time):
    return 1

2025-03-14 23:08:08,772 - DEBUG - 
def chain(*args, **kwargs):
    return 1

2025-03-14 23:14:52,635 - DEBUG - 
def xstarmap(task, it):
    return 1

2025-03-14 23:14:52,636 - DEBUG - 
def accumulate(self, *args, **kwargs):
    return 1

2025-03-14 23:14:52,636 - DEBUG - 
def save_trade(symbol, price, quantity, trade_time):
    return 1

2025-03-14 23:14:52,636 - DEBUG - 
def chord(self, header, body, partial_args=0, interval=1, countdown=2, max_retries=3, eager=4, **kwargs):
    return 1

2025-03-14 23:14:52,636 - DEBUG - 
def chunks(task, it, n):
    return 1

2025-03-14 23:14:52,637 - DEBUG - 
def unlock_chord(self, group_id, callback, interval=0, max_retries=1, result=2, Result=3, GroupResult=4, result_from_tuple=5, **kwargs):
    return 1

2025-03-14 23:14:52,637 - DEBUG - 
def start_binance_ws():
    return 1

2025-03-14 23:14:52,637 - DEBUG - 
def group(self, tasks, result, group_id, partial_args, add_to_parent=0):
    return 1

2025-03-14 23:14:52,637 - DEBUG - 
def xmap(task, it):
    return 1

2025-03-14 23:14:52,637 - DEBUG - 
def backend_cleanup():
    return 1

2025-03-14 23:14:52,637 - DEBUG - 
def chain(*args, **kwargs):
    return 1

